[0909/200107.339:ERROR:audio_rtp_receiver.cc(89)] AudioRtpReceiver::OnSetVolume: No audio channel exists.
[0909/200107.340:WARNING:used_ids.h(55)] Duplicate id found. Reassigning from 104 to 127
[0909/200107.340:WARNING:used_ids.h(55)] Duplicate id found. Reassigning from 102 to 125
[0909/200107.340:WARNING:used_ids.h(55)] Duplicate id found. Reassigning from 104 to 124
[0909/200107.340:WARNING:used_ids.h(55)] Duplicate id found. Reassigning from 106 to 123
[0909/200107.340:WARNING:used_ids.h(55)] Duplicate id found. Reassigning from 103 to 122
[0909/200107.340:WARNING:used_ids.h(55)] Duplicate id found. Reassigning from 105 to 121
[0909/200107.341:WARNING:used_ids.h(55)] Duplicate id found. Reassigning from 109 to 120
[0909/200107.342:WARNING:used_ids.h(55)] Duplicate id found. Reassigning from 1 to 14
[0909/200107.343:WARNING:used_ids.h(55)] Duplicate id found. Reassigning from 3 to 13
[0909/200107.343:WARNING:used_ids.h(55)] Duplicate id found. Reassigning from 5 to 12
[0909/200107.343:WARNING:used_ids.h(55)] Duplicate id found. Reassigning from 6 to 11
[0909/200131.169:ERROR:audio_rtp_receiver.cc(89)] AudioRtpReceiver::OnSetVolume: No audio channel exists.
[0909/200131.170:WARNING:used_ids.h(55)] Duplicate id found. Reassigning from 104 to 127
[0909/200131.170:WARNING:used_ids.h(55)] Duplicate id found. Reassigning from 102 to 125
[0909/200131.170:WARNING:used_ids.h(55)] Duplicate id found. Reassigning from 104 to 124
[0909/200131.170:WARNING:used_ids.h(55)] Duplicate id found. Reassigning from 106 to 123
[0909/200131.170:WARNING:used_ids.h(55)] Duplicate id found. Reassigning from 103 to 122
[0909/200131.170:WARNING:used_ids.h(55)] Duplicate id found. Reassigning from 105 to 121
[0909/200131.170:WARNING:used_ids.h(55)] Duplicate id found. Reassigning from 109 to 120
[0909/200131.170:WARNING:used_ids.h(55)] Duplicate id found. Reassigning from 1 to 14
[0909/200131.170:WARNING:used_ids.h(55)] Duplicate id found. Reassigning from 3 to 13
[0909/200131.170:WARNING:used_ids.h(55)] Duplicate id found. Reassigning from 5 to 12
[0909/200131.170:WARNING:used_ids.h(55)] Duplicate id found. Reassigning from 6 to 11
[0909/200214.865:ERROR:batching_media_log.cc(38)] MediaEvent: {"error":"FFmpegDemuxer: no supported streams"}
[0909/200214.866:ERROR:batching_media_log.cc(35)] MediaEvent: {"pipeline_error":14}
[0909/200214.873:ERROR:batching_media_log.cc(38)] MediaEvent: {"error":"FFmpegDemuxer: no supported streams"}
[0909/200214.873:ERROR:batching_media_log.cc(35)] MediaEvent: {"pipeline_error":14}
[0909/200434.486:WARNING:ipc_message_attachment_set.cc(49)] MessageAttachmentSet destroyed with unconsumed attachments: 0/1
